[1.515s] Invoking command in '/home/akun/ros2_ws/src/mypkg': PYTHONPATH=/home/akun/ros2_ws/src/mypkg/build/mypkg/prefix_override:/home/akun/ros2_ws/src/mypkg/install/mypkg/lib/python3.8/site-packages:${PYTHONPATH} /usr/bin/python3 setup.py egg_info --egg-base build/mypkg build --build-base /home/akun/ros2_ws/src/mypkg/build/mypkg/build install --record /home/akun/ros2_ws/src/mypkg/build/mypkg/install.log --install-scripts $base/lib/mypkg --single-version-externally-managed
[1.820s] running egg_info
[1.821s] writing build/mypkg/mypkg.egg-info/PKG-INFO
[1.822s] writing dependency_links to build/mypkg/mypkg.egg-info/dependency_links.txt
[1.822s] writing entry points to build/mypkg/mypkg.egg-info/entry_points.txt
[1.822s] writing requirements to build/mypkg/mypkg.egg-info/requires.txt
[1.822s] writing top-level names to build/mypkg/mypkg.egg-info/top_level.txt
[1.875s] reading manifest file 'build/mypkg/mypkg.egg-info/SOURCES.txt'
[1.876s] writing manifest file 'build/mypkg/mypkg.egg-info/SOURCES.txt'
[1.876s] running build
[1.877s] running build_py
[1.877s] copying mypkg/listener.py -> /home/akun/ros2_ws/src/mypkg/build/mypkg/build/lib/mypkg
[1.877s] running install
[1.878s] running install_lib
[1.880s] copying /home/akun/ros2_ws/src/mypkg/build/mypkg/build/lib/mypkg/listener.py -> /home/akun/ros2_ws/src/mypkg/install/mypkg/lib/python3.8/site-packages/mypkg
[1.881s] byte-compiling /home/akun/ros2_ws/src/mypkg/install/mypkg/lib/python3.8/site-packages/mypkg/listener.py to listener.cpython-38.pyc
[1.883s] running install_data
[1.883s] running install_egg_info
[1.885s] removing '/home/akun/ros2_ws/src/mypkg/install/mypkg/lib/python3.8/site-packages/mypkg-0.0.0-py3.8.egg-info' (and everything under it)
[1.886s] Copying build/mypkg/mypkg.egg-info to /home/akun/ros2_ws/src/mypkg/install/mypkg/lib/python3.8/site-packages/mypkg-0.0.0-py3.8.egg-info
[1.888s] running install_scripts
[1.912s] Installing listener script to /home/akun/ros2_ws/src/mypkg/install/mypkg/lib/mypkg
[1.913s] Installing talker script to /home/akun/ros2_ws/src/mypkg/install/mypkg/lib/mypkg
[1.913s] writing list of installed files to '/home/akun/ros2_ws/src/mypkg/build/mypkg/install.log'
[1.941s] Invoked command in '/home/akun/ros2_ws/src/mypkg' returned '0': PYTHONPATH=/home/akun/ros2_ws/src/mypkg/build/mypkg/prefix_override:/home/akun/ros2_ws/src/mypkg/install/mypkg/lib/python3.8/site-packages:${PYTHONPATH} /usr/bin/python3 setup.py egg_info --egg-base build/mypkg build --build-base /home/akun/ros2_ws/src/mypkg/build/mypkg/build install --record /home/akun/ros2_ws/src/mypkg/build/mypkg/install.log --install-scripts $base/lib/mypkg --single-version-externally-managed
