[3.565s] DEBUG:colcon:Command line arguments: ['/usr/bin/colcon', 'build']
[3.566s] DEBUG:colcon:Parsed command line arguments: Namespace(allow_overriding=[], ament_cmake_args=None, base_paths=['.'], build_base='build', catkin_cmake_args=None, catkin_skip_building_tests=False, cmake_args=None, cmake_clean_cache=False, cmake_clean_first=False, cmake_force_configure=False, cmake_target=None, cmake_target_skip_unavailable=False, continue_on_error=False, event_handlers=None, executor='parallel', ignore_user_meta=False, install_base='install', log_base=None, log_level=None, main=<bound method BuildVerb.main of <colcon_core.verb.build.BuildVerb object at 0x7f213941bdc0>>, merge_install=False, metas=['./colcon.meta'], packages_above=None, packages_above_and_dependencies=None, packages_above_depth=None, packages_end=None, packages_ignore=None, packages_ignore_regex=None, packages_select=None, packages_select_build_failed=False, packages_select_by_dep=None, packages_select_regex=None, packages_select_test_failures=False, packages_skip=None, packages_skip_build_finished=False, packages_skip_by_dep=None, packages_skip_regex=None, packages_skip_test_passed=False, packages_skip_up_to=None, packages_start=None, packages_up_to=None, packages_up_to_regex=None, parallel_workers=16, paths=None, symlink_install=False, test_result_base=None, verb_extension=<colcon_core.verb.build.BuildVerb object at 0x7f213941bdc0>, verb_name='build', verb_parser=<colcon_defaults.argument_parser.defaults.DefaultArgumentsDecorator object at 0x7f2139045c40>)
[3.717s] Level 1:colcon.colcon_core.package_discovery:discover_packages(colcon_meta) check parameters
[3.717s] Level 1:colcon.colcon_core.package_discovery:discover_packages(recursive) check parameters
[3.717s] Level 1:colcon.colcon_core.package_discovery:discover_packages(ignore) check parameters
[3.717s] Level 1:colcon.colcon_core.package_discovery:discover_packages(path) check parameters
[3.717s] Level 1:colcon.colcon_core.package_discovery:discover_packages(colcon_meta) discover
[3.718s] Level 1:colcon.colcon_core.package_discovery:discover_packages(recursive) discover
[3.718s] INFO:colcon.colcon_core.package_discovery:Crawling recursively for packages in '/home/akun/ros2_ws/src/mypkg'
[3.718s] Level 1:colcon.colcon_core.package_identification:_identify(.) by extensions ['ignore', 'ignore_ament_install']
[3.718s] Level 1:colcon.colcon_core.package_identification:_identify(.) by extension 'ignore'
[3.718s] Level 1:colcon.colcon_core.package_identification:_identify(.) by extension 'ignore_ament_install'
[3.718s] Level 1:colcon.colcon_core.package_identification:_identify(.) by extensions ['colcon_pkg']
[3.718s] Level 1:colcon.colcon_core.package_identification:_identify(.) by extension 'colcon_pkg'
[3.718s] Level 1:colcon.colcon_core.package_identification:_identify(.) by extensions ['colcon_meta']
[3.718s] Level 1:colcon.colcon_core.package_identification:_identify(.) by extension 'colcon_meta'
[3.718s] Level 1:colcon.colcon_core.package_identification:_identify(.) by extensions ['ros']
[3.718s] Level 1:colcon.colcon_core.package_identification:_identify(.) by extension 'ros'
[3.741s] DEBUG:colcon.colcon_core.package_identification:Package '.' with type 'ros.ament_python' and name 'mypkg'
[3.741s] Level 1:colcon.colcon_core.package_discovery:discover_packages(recursive) using defaults
[3.741s] Level 1:colcon.colcon_core.package_discovery:discover_packages(ignore) discover
[3.741s] Level 1:colcon.colcon_core.package_discovery:discover_packages(ignore) using defaults
[3.741s] Level 1:colcon.colcon_core.package_discovery:discover_packages(path) discover
[3.741s] Level 1:colcon.colcon_core.package_discovery:discover_packages(path) using defaults
[4.047s] Level 1:colcon.colcon_core.package_discovery:discover_packages(prefix_path) check parameters
[4.047s] Level 1:colcon.colcon_core.package_discovery:discover_packages(prefix_path) discover
[4.158s] DEBUG:colcon.colcon_installed_package_information.package_discovery:Found 1 installed packages in /home/akun/ros2_ws/install
[4.219s] DEBUG:colcon.colcon_installed_package_information.package_discovery:Found 256 installed packages in /opt/ros/foxy
[4.221s] Level 1:colcon.colcon_core.package_discovery:discover_packages(prefix_path) using defaults
[4.485s] Level 5:colcon.colcon_core.verb:set package 'mypkg' build argument 'cmake_args' from command line to 'None'
[4.485s] Level 5:colcon.colcon_core.verb:set package 'mypkg' build argument 'cmake_target' from command line to 'None'
[4.486s] Level 5:colcon.colcon_core.verb:set package 'mypkg' build argument 'cmake_target_skip_unavailable' from command line to 'False'
[4.486s] Level 5:colcon.colcon_core.verb:set package 'mypkg' build argument 'cmake_clean_cache' from command line to 'False'
[4.486s] Level 5:colcon.colcon_core.verb:set package 'mypkg' build argument 'cmake_clean_first' from command line to 'False'
[4.486s] Level 5:colcon.colcon_core.verb:set package 'mypkg' build argument 'cmake_force_configure' from command line to 'False'
[4.486s] Level 5:colcon.colcon_core.verb:set package 'mypkg' build argument 'ament_cmake_args' from command line to 'None'
[4.486s] Level 5:colcon.colcon_core.verb:set package 'mypkg' build argument 'catkin_cmake_args' from command line to 'None'
[4.486s] Level 5:colcon.colcon_core.verb:set package 'mypkg' build argument 'catkin_skip_building_tests' from command line to 'False'
[4.486s] DEBUG:colcon.colcon_core.verb:Building package 'mypkg' with the following arguments: {'ament_cmake_args': None, 'build_base': '/home/akun/ros2_ws/src/mypkg/build/mypkg', 'catkin_cmake_args': None, 'catkin_skip_building_tests': False, 'cmake_args': None, 'cmake_clean_cache': False, 'cmake_clean_first': False, 'cmake_force_configure': False, 'cmake_target': None, 'cmake_target_skip_unavailable': False, 'install_base': '/home/akun/ros2_ws/src/mypkg/install/mypkg', 'merge_install': False, 'path': '/home/akun/ros2_ws/src/mypkg', 'symlink_install': False, 'test_result_base': None}
[4.538s] INFO:colcon.colcon_core.executor:Executing jobs using 'parallel' executor
[4.594s] DEBUG:colcon.colcon_parallel_executor.executor.parallel:run_until_complete
[4.595s] INFO:colcon.colcon_ros.task.ament_python.build:Building ROS package in '/home/akun/ros2_ws/src/mypkg' with build type 'ament_python'
[4.595s] Level 1:colcon.colcon_core.shell:create_environment_hook('mypkg', 'ament_prefix_path')
[4.655s] INFO:colcon.colcon_core.plugin_system:Skipping extension 'colcon_core.shell.bat': Not used on non-Windows systems
[4.655s] INFO:colcon.colcon_core.shell:Creating environment hook '/home/akun/ros2_ws/src/mypkg/install/mypkg/share/mypkg/hook/ament_prefix_path.ps1'
[4.657s] INFO:colcon.colcon_core.shell:Creating environment descriptor '/home/akun/ros2_ws/src/mypkg/install/mypkg/share/mypkg/hook/ament_prefix_path.dsv'
[4.658s] INFO:colcon.colcon_core.shell:Creating environment hook '/home/akun/ros2_ws/src/mypkg/install/mypkg/share/mypkg/hook/ament_prefix_path.sh'
[4.718s] INFO:colcon.colcon_core.shell:Skip shell extension 'powershell' for command environment: Not usable outside of PowerShell
[4.718s] DEBUG:colcon.colcon_core.shell:Skip shell extension 'dsv' for command environment
[5.237s] INFO:colcon.colcon_core.task.python.build:Building Python package in '/home/akun/ros2_ws/src/mypkg'
[5.292s] INFO:colcon.colcon_core.shell:Skip shell extension 'powershell' for command environment: Not usable outside of PowerShell
[5.292s] DEBUG:colcon.colcon_core.shell:Skip shell extension 'dsv' for command environment
[6.123s] DEBUG:colcon.colcon_core.event_handler.log_command:Invoking command in '/home/akun/ros2_ws/src/mypkg': PYTHONPATH=/home/akun/ros2_ws/src/mypkg/build/mypkg/prefix_override:/home/akun/ros2_ws/src/mypkg/install/mypkg/lib/python3.8/site-packages:${PYTHONPATH} /usr/bin/python3 setup.py egg_info --egg-base build/mypkg build --build-base /home/akun/ros2_ws/src/mypkg/build/mypkg/build install --record /home/akun/ros2_ws/src/mypkg/build/mypkg/install.log --install-scripts $base/lib/mypkg --single-version-externally-managed
[6.581s] DEBUG:colcon.colcon_core.event_handler.log_command:Invoked command in '/home/akun/ros2_ws/src/mypkg' returned '0': PYTHONPATH=/home/akun/ros2_ws/src/mypkg/build/mypkg/prefix_override:/home/akun/ros2_ws/src/mypkg/install/mypkg/lib/python3.8/site-packages:${PYTHONPATH} /usr/bin/python3 setup.py egg_info --egg-base build/mypkg build --build-base /home/akun/ros2_ws/src/mypkg/build/mypkg/build install --record /home/akun/ros2_ws/src/mypkg/build/mypkg/install.log --install-scripts $base/lib/mypkg --single-version-externally-managed
[6.643s] Level 1:colcon.colcon_core.environment:checking '/home/akun/ros2_ws/src/mypkg/install/mypkg' for CMake module files
[6.643s] Level 1:colcon.colcon_core.environment:checking '/home/akun/ros2_ws/src/mypkg/install/mypkg' for CMake config files
[6.644s] Level 1:colcon.colcon_core.environment:checking '/home/akun/ros2_ws/src/mypkg/install/mypkg/lib'
[6.645s] Level 1:colcon.colcon_core.environment:checking '/home/akun/ros2_ws/src/mypkg/install/mypkg/bin'
[6.645s] Level 1:colcon.colcon_core.environment:checking '/home/akun/ros2_ws/src/mypkg/install/mypkg/lib/pkgconfig/mypkg.pc'
[6.645s] Level 1:colcon.colcon_core.environment:checking '/home/akun/ros2_ws/src/mypkg/install/mypkg/lib/python3.8/site-packages'
[6.645s] Level 1:colcon.colcon_core.shell:create_environment_hook('mypkg', 'pythonpath')
[6.702s] INFO:colcon.colcon_core.shell:Creating environment hook '/home/akun/ros2_ws/src/mypkg/install/mypkg/share/mypkg/hook/pythonpath.ps1'
[6.703s] INFO:colcon.colcon_core.shell:Creating environment descriptor '/home/akun/ros2_ws/src/mypkg/install/mypkg/share/mypkg/hook/pythonpath.dsv'
[6.703s] INFO:colcon.colcon_core.shell:Creating environment hook '/home/akun/ros2_ws/src/mypkg/install/mypkg/share/mypkg/hook/pythonpath.sh'
[6.704s] Level 1:colcon.colcon_core.environment:checking '/home/akun/ros2_ws/src/mypkg/install/mypkg/bin'
[6.704s] Level 1:colcon.colcon_core.environment:create_environment_scripts_only(mypkg)
[6.762s] INFO:colcon.colcon_core.shell:Creating package script '/home/akun/ros2_ws/src/mypkg/install/mypkg/share/mypkg/package.ps1'
[6.764s] INFO:colcon.colcon_core.shell:Creating package descriptor '/home/akun/ros2_ws/src/mypkg/install/mypkg/share/mypkg/package.dsv'
[6.765s] INFO:colcon.colcon_core.shell:Creating package script '/home/akun/ros2_ws/src/mypkg/install/mypkg/share/mypkg/package.sh'
[6.766s] INFO:colcon.colcon_core.shell:Creating package script '/home/akun/ros2_ws/src/mypkg/install/mypkg/share/mypkg/package.bash'
[6.767s] INFO:colcon.colcon_core.shell:Creating package script '/home/akun/ros2_ws/src/mypkg/install/mypkg/share/mypkg/package.zsh'
[6.768s] Level 1:colcon.colcon_core.environment:create_file_with_runtime_dependencies(/home/akun/ros2_ws/src/mypkg/install/mypkg/share/colcon-core/packages/mypkg)
[6.769s] DEBUG:colcon.colcon_parallel_executor.executor.parallel:closing loop
[6.770s] DEBUG:colcon.colcon_parallel_executor.executor.parallel:loop closed
[6.770s] DEBUG:colcon.colcon_parallel_executor.executor.parallel:run_until_complete finished with '0'
[6.770s] DEBUG:colcon.colcon_core.event_reactor:joining thread
[6.905s] INFO:colcon.colcon_core.plugin_system:Skipping extension 'colcon_notification.desktop_notification.notify_send': Could not find 'notify-send'
[6.905s] INFO:colcon.colcon_core.plugin_system:Skipping extension 'colcon_notification.desktop_notification.terminal_notifier': Not used on non-Darwin systems
[6.905s] INFO:colcon.colcon_core.plugin_system:Skipping extension 'colcon_notification.desktop_notification.win32': Not used on non-Windows systems
[6.906s] INFO:colcon.colcon_notification.desktop_notification:Sending desktop notification using 'notify2'
[138.494s] DEBUG:colcon.colcon_notification.desktop_notification.notify2:Failed to initialize notify2: org.freedesktop.DBus.Error.Spawn.ExecFailed: /usr/bin/dbus-launch terminated abnormally with the following error: Autolaunch error: X11 initialization failed.

[138.495s] DEBUG:colcon.colcon_core.event_reactor:joined thread
[138.574s] INFO:colcon.colcon_core.shell:Creating prefix script '/home/akun/ros2_ws/src/mypkg/install/local_setup.ps1'
[138.575s] INFO:colcon.colcon_core.shell:Creating prefix util module '/home/akun/ros2_ws/src/mypkg/install/_local_setup_util_ps1.py'
[138.577s] INFO:colcon.colcon_core.shell:Creating prefix chain script '/home/akun/ros2_ws/src/mypkg/install/setup.ps1'
[138.630s] INFO:colcon.colcon_core.shell:Creating prefix script '/home/akun/ros2_ws/src/mypkg/install/local_setup.sh'
[138.631s] INFO:colcon.colcon_core.shell:Creating prefix util module '/home/akun/ros2_ws/src/mypkg/install/_local_setup_util_sh.py'
[138.631s] INFO:colcon.colcon_core.shell:Creating prefix chain script '/home/akun/ros2_ws/src/mypkg/install/setup.sh'
[138.689s] INFO:colcon.colcon_core.shell:Creating prefix script '/home/akun/ros2_ws/src/mypkg/install/local_setup.bash'
[138.690s] INFO:colcon.colcon_core.shell:Creating prefix chain script '/home/akun/ros2_ws/src/mypkg/install/setup.bash'
[138.745s] INFO:colcon.colcon_core.shell:Creating prefix script '/home/akun/ros2_ws/src/mypkg/install/local_setup.zsh'
[138.746s] INFO:colcon.colcon_core.shell:Creating prefix chain script '/home/akun/ros2_ws/src/mypkg/install/setup.zsh'
