[1.566s] Invoking command in '/home/akun/ros2_ws/src/mypkg': PYTHONPATH=/home/akun/ros2_ws/src/mypkg/build/mypkg/prefix_override:/home/akun/ros2_ws/src/mypkg/install/mypkg/lib/python3.8/site-packages:${PYTHONPATH} /usr/bin/python3 setup.py egg_info --egg-base build/mypkg build --build-base /home/akun/ros2_ws/src/mypkg/build/mypkg/build install --record /home/akun/ros2_ws/src/mypkg/build/mypkg/install.log --install-scripts $base/lib/mypkg --single-version-externally-managed
[1.876s] running egg_info
[1.878s] writing build/mypkg/mypkg.egg-info/PKG-INFO
[1.880s] writing dependency_links to build/mypkg/mypkg.egg-info/dependency_links.txt
[1.880s] writing entry points to build/mypkg/mypkg.egg-info/entry_points.txt
[1.880s] writing requirements to build/mypkg/mypkg.egg-info/requires.txt
[1.881s] writing top-level names to build/mypkg/mypkg.egg-info/top_level.txt
[1.944s] reading manifest file 'build/mypkg/mypkg.egg-info/SOURCES.txt'
[1.945s] writing manifest file 'build/mypkg/mypkg.egg-info/SOURCES.txt'
[1.946s] running build
[1.946s] running build_py
[1.946s] running install
[1.948s] running install_lib
[1.950s] running install_data
[1.951s] running install_egg_info
[1.953s] removing '/home/akun/ros2_ws/src/mypkg/install/mypkg/lib/python3.8/site-packages/mypkg-0.0.0-py3.8.egg-info' (and everything under it)
[1.954s] Copying build/mypkg/mypkg.egg-info to /home/akun/ros2_ws/src/mypkg/install/mypkg/lib/python3.8/site-packages/mypkg-0.0.0-py3.8.egg-info
[1.957s] running install_scripts
[1.982s] Installing listener script to /home/akun/ros2_ws/src/mypkg/install/mypkg/lib/mypkg
[1.983s] Installing talker script to /home/akun/ros2_ws/src/mypkg/install/mypkg/lib/mypkg
[1.983s] writing list of installed files to '/home/akun/ros2_ws/src/mypkg/build/mypkg/install.log'
[2.010s] Invoked command in '/home/akun/ros2_ws/src/mypkg' returned '0': PYTHONPATH=/home/akun/ros2_ws/src/mypkg/build/mypkg/prefix_override:/home/akun/ros2_ws/src/mypkg/install/mypkg/lib/python3.8/site-packages:${PYTHONPATH} /usr/bin/python3 setup.py egg_info --egg-base build/mypkg build --build-base /home/akun/ros2_ws/src/mypkg/build/mypkg/build install --record /home/akun/ros2_ws/src/mypkg/build/mypkg/install.log --install-scripts $base/lib/mypkg --single-version-externally-managed
